<?xml version="1.0" encoding="UTF-8"?>
<!-- Generated by org.testng.reporters.JUnitReportReporter -->
<testsuite skipped="0" hostname="BLRKEC262018L" name="ExcelReadWrite" tests="1" failures="0" timestamp="11 Jun 2020 07:49:33 GMT" time="6.923" errors="0">
  <testcase name="f" time="6.923" classname="ExcelReadWrite"/>
</testsuite> <!-- ExcelReadWrite -->
