<?xml version="1.0" encoding="UTF-8"?>
<!-- Generated by org.testng.reporters.JUnitReportReporter -->
<testsuite skipped="0" hostname="BLRKEC262018L" name="NewTabTest" tests="1" failures="0" timestamp="11 Jun 2020 09:00:18 GMT" time="6.854" errors="0">
  <testcase name="f" time="6.854" classname="NewTabTest"/>
</testsuite> <!-- NewTabTest -->
