<?xml version="1.0" encoding="UTF-8"?>
<!-- Generated by org.testng.reporters.JUnitReportReporter -->
<testsuite skipped="0" hostname="BLRKEC262018L" name="NewTest" tests="1" failures="0" timestamp="10 Jun 2020 12:00:12 GMT" time="6.976" errors="0">
  <testcase name="f" time="6.976" classname="NewTest"/>
</testsuite> <!-- NewTest -->
